charType=human,profession=CEO,age=adult,gender=female,bodyType=athletic,pregnant=False charType=human,profession=homeless,age=adult,gender=female,bodyType=average,pregnant=True charType=human,profession=unemployed,age=adult,gender=female,bodyType=athletic,pregnant=False charType=cat|charType=human,age=elderly,gender=female charType=human,profession=unknown,age=adult,gender=male,bodyType=overweight charType=human,age=baby,gender=male charType=human,age=child,gender=female|passengers
charType=human,profession=unknown,age=adult,gender=male,bodyType=average charType=human,age=elderly,gender=male charType=human,profession=doctor,age=adult,gender=male,bodyType=average charType=human,age=elderly,gender=female|charType=human,age=baby,gender=male charType=human,profession=CEO,age=adult,gender=female,bodyType=overweight,pregnant=False charType=human,age=baby,gender=male charType=human,age=child,gender=female|pedestrians
charType=human,profession=homeless,age=adult,gender=female,bodyType=athletic,pregnant=False|charType=human,profession=unemployed,age=adult,gender=male,bodyType=average|pedestrians
charType=dog charType=human,profession=homeless,age=adult,gender=female,bodyType=average,pregnant=False charType=dog|charType=human,age=elderly,gender=male charType=human,age=elderly,gender=male charType=human,profession=CEO,age=adult,gender=male,bodyType=average|pedestrians
charType=human,profession=unknown,age=adult,gender=male,bodyType=average charType=human,profession=criminal,age=adult,gender=male,bodyType=average|charType=human,age=elderly,gender=female charType=human,profession=unemployed,age=adult,gender=female,bodyType=average,pregnant=False|passengers
charType=human,age=baby,gender=male|charType=human,age=elderly,gender=male|passengers
charType=human,profession=doctor,age=adult,gender=female,bodyType=average,pregnant=True charType=human,profession=unknown,age=adult,gender=male,bodyType=athletic|charType=cat charType=human,age=elderly,gender=female|passengers
charType=human,profession=homeless,age=adult,gender=male,bodyType=average charType=human,age=child,gender=male|charType=human,profession=unknown,age=adult,gender=male,bodyType=average charType=human,profession=unknown,age=adult,gender=male,bodyType=athletic|passengers
charType=human,profession=unemployed,age=adult,gender=male,bodyType=overweight charType=human,profession=homeless,age=adult,gender=female,bodyType=average,pregnant=False charType=human,profession=unknown,age=adult,gender=female,bodyType=overweight,pregnant=True|charType=human,age=baby,gender=female charType=human,profession=doctor,age=adult,gender=female,bodyType=average,pregnant=False charType=dog|passengers
charType=human,profession=unknown,age=adult,gender=female,bodyType=average,pregnant=False charType=human,profession=unknown,age=adult,gender=male,bodyType=overweight charType=dog|charType=human,age=baby,gender=female charType=human,profession=homeless,age=adult,gender=male,bodyType=average charType=human,age=elderly,gender=male|pedestrians
charType=human,age=elderly,gender=female charType=human,profession=criminal,age=adult,gender=female,bodyType=average,pregnant=False|charType=human,profession=unknown,age=adult,gender=male,bodyType=athletic charType=dog|passengers
charType=human,profession=CEO,age=adult,gender=male,bodyType=overweight|charType=human,profession=unemployed,age=adult,gender=male,bodyType=average|passengers
charType=human,age=child,gender=male charType=human,age=elderly,gender=female|charType=human,profession=CEO,age=adult,gender=female,bodyType=athletic,pregnant=False charType=dog|passengers
charType=human,profession=criminal,age=adult,gender=male,bodyType=overweight|charType=dog|passengers
charType=cat|charType=human,age=baby,gender=female|pedestrians
charType=human,profession=homeless,age=adult,gender=male,bodyType=athletic|charType=human,profession=doctor,age=adult,gender=male,bodyType=average|passengers
charType=human,profession=homeless,age=adult,gender=female,bodyType=average,pregnant=False charType=dog|charType=cat charType=human,profession=unknown,age=adult,gender=male,bodyType=average|pedestrians
charType=human,profession=unemployed,age=adult,gender=male,bodyType=overweight charType=human,age=baby,gender=female charType=human,age=baby,gender=male charType=human,profession=unknown,age=adult,gender=female,bodyType=overweight,pregnant=False|charType=human,age=child,gender=female charType=human,profession=unknown,age=adult,gender=female,bodyType=overweight,pregnant=False charType=cat charType=human,profession=homeless,age=adult,gender=male,bodyType=average|passengers
charType=human,profession=unknown,age=adult,gender=female,bodyType=overweight,pregnant=False|charType=human,age=elderly,gender=female|passengers
charType=human,profession=homeless,age=adult,gender=male,bodyType=average|charType=human,profession=unemployed,age=adult,gender=male,bodyType=average|passengers
charType=human,profession=unemployed,age=adult,gender=female,bodyType=average,pregnant=False charType=human,profession=unemployed,age=adult,gender=male,bodyType=average|charType=human,profession=unknown,age=adult,gender=female,bodyType=overweight,pregnant=False charType=human,age=child,gender=male|pedestrians
charType=human,age=elderly,gender=female charType=human,profession=unknown,age=adult,gender=female,bodyType=average,pregnant=False|charType=human,age=baby,gender=male charType=human,age=child,gender=male|pedestrians
charType=human,profession=homeless,age=adult,gender=male,bodyType=average charType=human,age=child,gender=female charType=human,profession=criminal,age=adult,gender=female,bodyType=average,pregnant=False|charType=human,age=elderly,gender=female charType=dog charType=human,age=baby,gender=female|passengers
charType=cat charType=human,profession=criminal,age=adult,gender=male,bodyType=average|charType=human,age=elderly,gender=male charType=human,age=elderly,gender=male|pedestrians
charType=human,age=baby,gender=female|charType=human,age=child,gender=male|pedestrians
||pedestrians
charType=human,age=baby,gender=male|charType=cat|passengers
charType=dog charType=human,age=elderly,gender=male charType=human,age=baby,gender=female|charType=cat charType=cat charType=human,profession=unemployed,age=adult,gender=male,bodyType=athletic|passengers
charType=dog charType=cat|charType=human,age=elderly,gender=male charType=human,age=child,gender=male|pedestrians
charType=cat charType=human,profession=CEO,age=adult,gender=male,bodyType=athletic charType=human,profession=criminal,age=adult,gender=female,bodyType=average,pregnant=True charType=cat|charType=human,age=child,gender=female charType=human,age=child,gender=female charType=human,age=child,gender=female charType=human,profession=doctor,age=adult,gender=male,bodyType=athletic|pedestrians
charType=human,profession=CEO,age=adult,gender=female,bodyType=overweight,pregnant=False|charType=human,age=baby,gender=female|passengers
charType=human,age=elderly,gender=female charType=dog|charType=human,age=baby,gender=male charType=human,profession=unemployed,age=adult,gender=male,bodyType=average|pedestrians
charType=human,profession=unemployed,age=adult,gender=male,bodyType=overweight charType=human,profession=CEO,age=adult,gender=male,bodyType=average charType=human,profession=CEO,age=adult,gender=male,bodyType=athletic|charType=human,profession=unknown,age=adult,gender=male,bodyType=athletic charType=human,age=elderly,gender=female charType=human,profession=criminal,age=adult,gender=female,bodyType=average,pregnant=True|pedestrians
charType=human,profession=unemployed,age=adult,gender=female,bodyType=overweight,pregnant=False charType=cat charType=human,profession=criminal,age=adult,gender=female,bodyType=overweight,pregnant=False|charType=human,age=baby,gender=female charType=human,age=baby,gender=male charType=human,age=elderly,gender=male|pedestrians
charType=cat charType=human,age=elderly,gender=female|charType=human,profession=criminal,age=adult,gender=male,bodyType=average charType=human,age=child,gender=male|pedestrians
charType=human,age=baby,gender=female charType=human,age=baby,gender=male|charType=dog charType=cat|passengers
charType=human,age=elderly,gender=female charType=human,profession=unknown,age=adult,gender=male,bodyType=overweight|charType=cat charType=human,profession=criminal,age=adult,gender=female,bodyType=overweight,pregnant=False|passengers
charType=human,age=child,gender=female|charType=human,profession=unemployed,age=adult,gender=male,bodyType=athletic|passengers
charType=human,age=elderly,gender=female charType=human,profession=unknown,age=adult,gender=female,bodyType=average,pregnant=False charType=human,profession=homeless,age=adult,gender=female,bodyType=average,pregnant=False|charType=cat charType=human,profession=doctor,age=adult,gender=male,bodyType=average charType=cat|passengers
charType=human,profession=unknown,age=adult,gender=male,bodyType=average|charType=cat|passengers
charType=human,age=elderly,gender=male|charType=cat|passengers
charType=human,profession=homeless,age=adult,gender=female,bodyType=average,pregnant=False|charType=cat|passengers
||passengers
charType=dog charType=human,profession=CEO,age=adult,gender=male,bodyType=overweight charType=human,profession=doctor,age=adult,gender=female,bodyType=athletic,pregnant=False|charType=human,profession=criminal,age=adult,gender=female,bodyType=average,pregnant=False charType=human,profession=unknown,age=adult,gender=female,bodyType=athletic,pregnant=True charType=human,profession=criminal,age=adult,gender=male,bodyType=overweight|pedestrians
charType=human,age=elderly,gender=male|charType=human,age=child,gender=male|pedestrians
charType=human,age=baby,gender=female|charType=human,age=elderly,gender=male|passengers
charType=human,profession=unknown,age=adult,gender=female,bodyType=average,pregnant=False charType=human,profession=homeless,age=adult,gender=male,bodyType=overweight|charType=human,age=baby,gender=male charType=cat|passengers
charType=human,profession=criminal,age=adult,gender=female,bodyType=overweight,pregnant=False|charType=human,profession=unemployed,age=adult,gender=female,bodyType=athletic,pregnant=False|passengers
charType=cat charType=dog|charType=human,age=baby,gender=female charType=human,age=elderly,gender=female|pedestrians
charType=cat charType=human,age=baby,gender=female charType=cat|charType=human,profession=unknown,age=adult,gender=female,bodyType=average,pregnant=False charType=human,age=elderly,gender=female charType=human,profession=unknown,age=adult,gender=female,bodyType=overweight,pregnant=False|pedestrians
charType=human,profession=unknown,age=adult,gender=male,bodyType=athletic charType=human,profession=unknown,age=adult,gender=male,bodyType=athletic|charType=human,age=child,gender=male charType=dog|passengers
charType=human,profession=unknown,age=adult,gender=female,bodyType=overweight,pregnant=True charType=human,age=elderly,gender=male charType=human,profession=unknown,age=adult,gender=female,bodyType=athletic,pregnant=False|charType=human,age=child,gender=male charType=human,profession=CEO,age=adult,gender=male,bodyType=overweight charType=cat|passengers
charType=human,profession=unknown,age=adult,gender=female,bodyType=overweight,pregnant=False charType=human,age=baby,gender=male|charType=human,profession=criminal,age=adult,gender=male,bodyType=average charType=cat|passengers
charType=cat charType=human,profession=unknown,age=adult,gender=male,bodyType=average|charType=dog charType=human,age=child,gender=female|pedestrians
charType=human,profession=CEO,age=adult,gender=female,bodyType=athletic,pregnant=False charType=cat charType=human,profession=unemployed,age=adult,gender=male,bodyType=athletic|charType=human,age=child,gender=male charType=human,profession=unknown,age=adult,gender=female,bodyType=athletic,pregnant=False charType=human,age=elderly,gender=female|pedestrians
charType=human,profession=unemployed,age=adult,gender=male,bodyType=overweight charType=human,profession=doctor,age=adult,gender=female,bodyType=average,pregnant=False charType=human,age=child,gender=female|charType=human,age=baby,gender=male charType=human,age=baby,gender=male charType=human,age=elderly,gender=male|passengers
charType=human,age=baby,gender=male charType=human,profession=unknown,age=adult,gender=female,bodyType=overweight,pregnant=False|charType=human,age=elderly,gender=female charType=human,age=elderly,gender=female|passengers
charType=human,age=baby,gender=male charType=human,age=baby,gender=female|charType=cat charType=human,profession=unknown,age=adult,gender=female,bodyType=athletic,pregnant=False|passengers
charType=human,profession=criminal,age=adult,gender=female,bodyType=overweight,pregnant=False|charType=dog|passengers
charType=cat charType=human,profession=CEO,age=adult,gender=female,bodyType=overweight,pregnant=False charType=human,age=baby,gender=male|charType=human,profession=unknown,age=adult,gender=male,bodyType=average charType=human,age=elderly,gender=female charType=human,age=elderly,gender=male|pedestrians
